<?xml version="1.0" encoding="UTF-8"?>
<testng-results skipped="0" failed="1" ignored="0" total="4" passed="3">
  <reporter-output>
  </reporter-output>
  <suite name="Default suite" duration-ms="50404" started-at="2022-04-04T17:43:23 IST" finished-at="2022-04-04T17:44:14 IST">
    <groups>
    </groups>
    <test name="Default test" duration-ms="50404" started-at="2022-04-04T17:43:23 IST" finished-at="2022-04-04T17:44:14 IST">
      <class name="com.nse.test.LoginTest">
        <test-method status="PASS" signature="setup()[pri:0, instance:com.nse.test.LoginTest@7e0e6aa2]" name="setup" is-config="true" duration-ms="7657" started-at="2022-04-04T17:43:23 IST" finished-at="2022-04-04T17:43:31 IST">
          <reporter-output>
          </reporter-output>
        </test-method> <!-- setup -->
        <test-method status="PASS" signature="invalidCredentialTest(java.lang.String,java.lang.String,java.lang.String)[pri:0, instance:com.nse.test.LoginTest@7e0e6aa2]" name="invalidCredentialTest" duration-ms="2610" started-at="2022-04-04T17:43:31 IST" data-provider="invalidCredentialData" finished-at="2022-04-04T17:43:34 IST">
          <params>
            <param index="0">
              <value>
                <![CDATA[john]]>
              </value>
            </param>
            <param index="1">
              <value>
                <![CDATA[john123]]>
              </value>
            </param>
            <param index="2">
              <value>
                <![CDATA[Invalid credentials]]>
              </value>
            </param>
          </params>
          <reporter-output>
          </reporter-output>
        </test-method> <!-- invalidCredentialTest -->
        <test-method status="PASS" signature="teardown()[pri:0, instance:com.nse.test.LoginTest@7e0e6aa2]" name="teardown" is-config="true" duration-ms="758" started-at="2022-04-04T17:43:34 IST" finished-at="2022-04-04T17:43:34 IST">
          <reporter-output>
          </reporter-output>
        </test-method> <!-- teardown -->
        <test-method status="PASS" signature="setup()[pri:0, instance:com.nse.test.LoginTest@7e0e6aa2]" name="setup" is-config="true" duration-ms="5217" started-at="2022-04-04T17:43:34 IST" finished-at="2022-04-04T17:43:40 IST">
          <reporter-output>
          </reporter-output>
        </test-method> <!-- setup -->
        <test-method status="PASS" signature="invalidCredentialTest(java.lang.String,java.lang.String,java.lang.String)[pri:0, instance:com.nse.test.LoginTest@7e0e6aa2]" name="invalidCredentialTest" duration-ms="3565" started-at="2022-04-04T17:43:40 IST" data-provider="invalidCredentialData" finished-at="2022-04-04T17:43:43 IST">
          <params>
            <param index="0">
              <value>
                <![CDATA[peter]]>
              </value>
            </param>
            <param index="1">
              <value>
                <![CDATA[john123]]>
              </value>
            </param>
            <param index="2">
              <value>
                <![CDATA[Invalid credentials]]>
              </value>
            </param>
          </params>
          <reporter-output>
          </reporter-output>
        </test-method> <!-- invalidCredentialTest -->
        <test-method status="PASS" signature="teardown()[pri:0, instance:com.nse.test.LoginTest@7e0e6aa2]" name="teardown" is-config="true" duration-ms="746" started-at="2022-04-04T17:43:43 IST" finished-at="2022-04-04T17:43:44 IST">
          <reporter-output>
          </reporter-output>
        </test-method> <!-- teardown -->
        <test-method status="PASS" signature="setup()[pri:0, instance:com.nse.test.LoginTest@7e0e6aa2]" name="setup" is-config="true" duration-ms="6539" started-at="2022-04-04T17:43:44 IST" finished-at="2022-04-04T17:43:50 IST">
          <reporter-output>
          </reporter-output>
        </test-method> <!-- setup -->
        <test-method status="PASS" signature="validCredentialTest(java.lang.String,java.lang.String,java.lang.String)[pri:0, instance:com.nse.test.LoginTest@7e0e6aa2]" name="validCredentialTest" duration-ms="5799" started-at="2022-04-04T17:43:50 IST" data-provider="validCredentialData" finished-at="2022-04-04T17:43:56 IST">
          <params>
            <param index="0">
              <value>
                <![CDATA[Admin]]>
              </value>
            </param>
            <param index="1">
              <value>
                <![CDATA[admin123]]>
              </value>
            </param>
            <param index="2">
              <value>
                <![CDATA[https://opensource-demo.orangehrmlive.com]]>
              </value>
            </param>
          </params>
          <reporter-output>
          </reporter-output>
        </test-method> <!-- validCredentialTest -->
        <test-method status="PASS" signature="teardown()[pri:0, instance:com.nse.test.LoginTest@7e0e6aa2]" name="teardown" is-config="true" duration-ms="753" started-at="2022-04-04T17:43:56 IST" finished-at="2022-04-04T17:43:57 IST">
          <reporter-output>
          </reporter-output>
        </test-method> <!-- teardown -->
        <test-method status="PASS" signature="setup()[pri:0, instance:com.nse.test.LoginTest@7e0e6aa2]" name="setup" is-config="true" duration-ms="5368" started-at="2022-04-04T17:43:57 IST" finished-at="2022-04-04T17:44:02 IST">
          <reporter-output>
          </reporter-output>
        </test-method> <!-- setup -->
        <test-method status="FAIL" signature="validCredentialTest(java.lang.String,java.lang.String,java.lang.String)[pri:0, instance:com.nse.test.LoginTest@7e0e6aa2]" name="validCredentialTest" duration-ms="10586" started-at="2022-04-04T17:44:02 IST" data-provider="validCredentialData" finished-at="2022-04-04T17:44:13 IST">
          <params>
            <param index="0">
              <value>
                <![CDATA[Admin]]>
              </value>
            </param>
            <param index="1">
              <value>
                <![CDATA[admin123]]>
              </value>
            </param>
            <param index="2">
              <value>
                <![CDATA[https://opensource-demo.orangehrmlive.com/index.php/dashboard]]>
              </value>
            </param>
          </params>
          <exception class="java.lang.AssertionError">
            <message>
              <![CDATA[did not expect [https://opensource-demo.orangehrmlive.com/index.php/dashboard] but found [https://opensource-demo.orangehrmlive.com/index.php/dashboard]]]>
            </message>
            <full-stacktrace>
              <![CDATA[java.lang.AssertionError: did not expect [https://opensource-demo.orangehrmlive.com/index.php/dashboard] but found [https://opensource-demo.orangehrmlive.com/index.php/dashboard]
at org.testng.Assert.fail(Assert.java:110)
at org.testng.Assert.failEquals(Assert.java:1417)
at org.testng.Assert.assertNotEqualsImpl(Assert.java:156)
at org.testng.Assert.assertNotEquals(Assert.java:1986)
at org.testng.Assert.assertNotEquals(Assert.java:2008)
at com.nse.test.LoginTest.validCredentialTest(LoginTest.java:35)
at sun.reflect.NativeMethodAccessorImpl.invoke0(Native Method)
at sun.reflect.NativeMethodAccessorImpl.invoke(NativeMethodAccessorImpl.java:62)
at sun.reflect.DelegatingMethodAccessorImpl.invoke(DelegatingMethodAccessorImpl.java:43)
at java.lang.reflect.Method.invoke(Method.java:498)
at org.testng.internal.invokers.MethodInvocationHelper.invokeMethod(MethodInvocationHelper.java:135)
at org.testng.internal.invokers.TestInvoker.invokeMethod(TestInvoker.java:673)
at org.testng.internal.invokers.TestInvoker.invokeTestMethod(TestInvoker.java:220)
at org.testng.internal.invokers.MethodRunner.runInSequence(MethodRunner.java:50)
at org.testng.internal.invokers.TestInvoker$MethodInvocationAgent.invoke(TestInvoker.java:945)
at org.testng.internal.invokers.TestInvoker.invokeTestMethods(TestInvoker.java:193)
at org.testng.internal.invokers.TestMethodWorker.invokeTestMethods(TestMethodWorker.java:146)
at org.testng.internal.invokers.TestMethodWorker.run(TestMethodWorker.java:128)
at java.util.ArrayList.forEach(ArrayList.java:1255)
at org.testng.TestRunner.privateRun(TestRunner.java:808)
at org.testng.TestRunner.run(TestRunner.java:603)
at org.testng.SuiteRunner.runTest(SuiteRunner.java:429)
at org.testng.SuiteRunner.runSequentially(SuiteRunner.java:423)
at org.testng.SuiteRunner.privateRun(SuiteRunner.java:383)
at org.testng.SuiteRunner.run(SuiteRunner.java:326)
at org.testng.SuiteRunnerWorker.runSuite(SuiteRunnerWorker.java:52)
at org.testng.SuiteRunnerWorker.run(SuiteRunnerWorker.java:95)
at org.testng.TestNG.runSuitesSequentially(TestNG.java:1249)
at org.testng.TestNG.runSuitesLocally(TestNG.java:1169)
at org.testng.TestNG.runSuites(TestNG.java:1092)
at org.testng.TestNG.run(TestNG.java:1060)
at org.testng.remote.AbstractRemoteTestNG.run(AbstractRemoteTestNG.java:115)
at org.testng.remote.RemoteTestNG.initAndRun(RemoteTestNG.java:251)
at org.testng.remote.RemoteTestNG.main(RemoteTestNG.java:77)
]]>
            </full-stacktrace>
          </exception> <!-- java.lang.AssertionError -->
          <reporter-output>
          </reporter-output>
        </test-method> <!-- validCredentialTest -->
        <test-method status="PASS" signature="teardown()[pri:0, instance:com.nse.test.LoginTest@7e0e6aa2]" name="teardown" is-config="true" duration-ms="752" started-at="2022-04-04T17:44:13 IST" finished-at="2022-04-04T17:44:14 IST">
          <reporter-output>
          </reporter-output>
        </test-method> <!-- teardown -->
      </class> <!-- com.nse.test.LoginTest -->
    </test> <!-- Default test -->
  </suite> <!-- Default suite -->
</testng-results>
